<?xml version="1.0" encoding="UTF-8"?>
<testng-results ignored="0" total="1" passed="1" failed="0" skipped="0">
  <reporter-output>
  </reporter-output>
  <suite started-at="2024-03-23T16:05:58 IST" name="Suite" finished-at="2024-03-23T16:06:05 IST" duration-ms="6605">
    <groups>
    </groups>
    <test started-at="2024-03-23T16:05:58 IST" name="TestNg" finished-at="2024-03-23T16:06:05 IST" duration-ms="6605">
      <class name="practice.BasicPractice.Parametrized">
        <test-method signature="testOne(java.lang.String)[pri:0, instance:practice.BasicPractice.Parametrized@74fe5c40]" started-at="2024-03-23T16:05:58 IST" name="testOne" finished-at="2024-03-23T16:06:05 IST" duration-ms="6562" status="PASS">
          <params>
            <param index="0">
              <value>
                <![CDATA[https://www.youtube.com/]]>
              </value>
            </param>
          </params>
          <reporter-output>
          </reporter-output>
        </test-method> <!-- testOne -->
      </class> <!-- practice.BasicPractice.Parametrized -->
    </test> <!-- TestNg -->
  </suite> <!-- Suite -->
</testng-results>
