<?xml version="1.0" encoding="UTF-8"?>
<testng-results ignored="0" total="1" passed="1" failed="0" skipped="0">
  <reporter-output>
  </reporter-output>
  <suite started-at="2024-05-09T22:24:48 IST" name="Default suite" finished-at="2024-05-09T22:25:01 IST" duration-ms="13122">
    <groups>
    </groups>
    <test started-at="2024-05-09T22:24:48 IST" name="Default test" finished-at="2024-05-09T22:25:01 IST" duration-ms="13122">
      <class name="multiplewindowhandles.WindowHandleTest">
        <test-method signature="windowHandle()[pri:0, instance:multiplewindowhandles.WindowHandleTest@16d04d3d]" started-at="2024-05-09T22:24:48 IST" name="windowHandle" finished-at="2024-05-09T22:25:01 IST" duration-ms="13064" status="PASS">
          <reporter-output>
          </reporter-output>
        </test-method> <!-- windowHandle -->
      </class> <!-- multiplewindowhandles.WindowHandleTest -->
    </test> <!-- Default test -->
  </suite> <!-- Default suite -->
</testng-results>
